ARM GAS  /tmp/ccVPThFo.s 			page 1


   1              	# 1 "core_extensions.S"
   1              	
   1              	...
   0              	
   0              	
   2              	#include "defines.h"
   1              	/*****************************************************************************
   2              	fortharm  forth for arm cortex m0 (LPC1114)
   3              	copyright(c) 2013 William R Cooke
   4              	*/
   5              	
   6              		.thumb 
   7              	
   8              	#define PSP     sp
   9              	#define RSP     r7
  10              	#define IR      r6
  11              	#define WA      r5
  12              	#define CA      r4
  13              	#define TOS     r3
  14              	#define SCR0    r1
  15              	#define SCR1    r2
  16              	#define SCR2    r0
  17              	
  18              	#define SCR3    r8
  19              	#define SCR4    r9
  20              	#define SCR5    r10
  21              	
  22              	
  23              	#define IMM     (1<<7)
  24              	...
   3              	
   4              	
   5              	        .text
   6              	
   7              	
   8              	__w_number_t_i_b:                               // ( -- a-addr )
   9 0000 04       	        .byte   4
  10 0001 23544942 	        .ascii  "#TIB"
  11 0005 00C046   	        .balign 4
  12 0008 00000000 	        .word   __w_right_bracket
  13              	__c_number_t_i_b:
  14 000c 11000000 	        .word   .+5
  15 0010 FEE7     	        b       next
  16              	
  17              	
  18              	__w_dot_paren:                                  // ( "ccc<paren>" -- )
  19 0012 02       	        .byte   2
  20 0013 2E28     	        .ascii  ".("
  21 0015 00C046   	        .balign 4
  22 0018 00000000 	        .word   __w_number_t_i_b
  23              	__c_dot_paren:
  24 001c 21000000 	        .word   .+5
  25 0020 FEE7C046 	        b       next
ARM GAS  /tmp/ccVPThFo.s 			page 2


DEFINED SYMBOLS
   core_extensions.S:8      .text:00000000 __w_number_t_i_b
                            .text:00000000 $d
   core_extensions.S:12     .text:00000008 $d
   core_extensions.S:13     .text:0000000c __c_number_t_i_b
   core_extensions.S:15     .text:00000010 $t
   core_extensions.S:18     .text:00000012 __w_dot_paren
   core_extensions.S:19     .text:00000012 $d
   core_extensions.S:22     .text:00000018 $d
   core_extensions.S:23     .text:0000001c __c_dot_paren
   core_extensions.S:25     .text:00000020 $t
   core_extensions.S:11     .text:00000005 $d
   core_extensions.S:11     .text:00000006 $t
   core_extensions.S:21     .text:00000015 $d
   core_extensions.S:21     .text:00000016 $t

UNDEFINED SYMBOLS
__w_right_bracket
next
